#! /usr/bin/vvp
:ivl_version "0.9.7 " "(v0_9_7)";
:vpi_time_precision - 12;
:vpi_module "system";
:vpi_module "v2005_math";
:vpi_module "va_math";
S_0x118a730 .scope module, "behavioralFullAdder" "behavioralFullAdder" 2 3;
 .timescale -9 -12;
v0x11c7a00_0 .net *"_s10", 0 0, C4<0>; 1 drivers
v0x11dcd10_0 .net *"_s11", 1 0, L_0x11dea60; 1 drivers
v0x11dcdb0_0 .net *"_s13", 1 0, L_0x11dec00; 1 drivers
v0x11dce50_0 .net *"_s16", 0 0, C4<0>; 1 drivers
v0x11dcf00_0 .net *"_s17", 1 0, L_0x11ded70; 1 drivers
v0x11dcfa0_0 .net *"_s3", 1 0, L_0x11de750; 1 drivers
v0x11dd080_0 .net *"_s6", 0 0, C4<0>; 1 drivers
v0x11dd120_0 .net *"_s7", 1 0, L_0x11de8a0; 1 drivers
v0x11dd210_0 .net "a", 0 0, C4<z>; 0 drivers
v0x11dd2b0_0 .net "b", 0 0, C4<z>; 0 drivers
v0x11dd3b0_0 .net "carryin", 0 0, C4<z>; 0 drivers
v0x11dd450_0 .net "carryout", 0 0, L_0x11de580; 1 drivers
v0x11dd560_0 .net "sum", 0 0, L_0x11de680; 1 drivers
L_0x11de580 .part L_0x11ded70, 1, 1;
L_0x11de680 .part L_0x11ded70, 0, 1;
L_0x11de750 .concat [ 1 1 0 0], C4<z>, C4<0>;
L_0x11de8a0 .concat [ 1 1 0 0], C4<z>, C4<0>;
L_0x11dea60 .arith/sum 2, L_0x11de750, L_0x11de8a0;
L_0x11dec00 .concat [ 1 1 0 0], C4<z>, C4<0>;
L_0x11ded70 .arith/sum 2, L_0x11dea60, L_0x11dec00;
S_0x118a820 .scope module, "testFullAdder" "testFullAdder" 3 5;
 .timescale -9 -12;
v0x11de000_0 .var "a", 0 0;
v0x11de290_0 .var "b", 0 0;
v0x11de340_0 .var "carryin", 0 0;
v0x11de3f0_0 .net "carryout", 0 0, L_0x11df820; 1 drivers
v0x11de4d0_0 .net "sum", 0 0, L_0x11df4c0; 1 drivers
S_0x11dd600 .scope module, "adder1" "structuralFullAdder" 3 9, 2 15, S_0x118a820;
 .timescale -9 -12;
L_0x11dd330 .functor NOT 1, v0x11de340_0, C4<0>, C4<0>, C4<0>;
L_0x11def00 .functor NOT 1, v0x11de000_0, C4<0>, C4<0>, C4<0>;
L_0x11defb0 .functor NOT 1, v0x11de290_0, C4<0>, C4<0>, C4<0>;
L_0x11df060 .functor AND 1, L_0x11def00, L_0x11defb0, v0x11de340_0, C4<1>;
L_0x11df160 .functor AND 1, L_0x11def00, v0x11de290_0, L_0x11dd330, C4<1>;
L_0x11df210 .functor AND 1, v0x11de000_0, L_0x11defb0, L_0x11dd330, C4<1>;
L_0x11df2b0 .functor AND 1, v0x11de000_0, v0x11de290_0, v0x11de340_0, C4<1>;
L_0x11df4c0 .functor OR 1, L_0x11df060, L_0x11df160, L_0x11df210, L_0x11df2b0;
L_0x11df640 .functor AND 1, L_0x11def00, v0x11de290_0, v0x11de340_0, C4<1>;
L_0x11df730 .functor AND 1, v0x11de000_0, L_0x11defb0, v0x11de340_0, C4<1>;
L_0x11df880 .functor AND 1, v0x11de000_0, v0x11de290_0, L_0x11dd330, C4<1>;
L_0x11df9a0 .functor AND 1, v0x11de000_0, v0x11de290_0, v0x11de340_0, C4<1>;
L_0x11df820 .functor OR 1, L_0x11df640, L_0x11df730, L_0x11df880, L_0x11df9a0;
v0x11dd6f0_0 .net "a", 0 0, v0x11de000_0; 1 drivers
v0x11dd7b0_0 .net "b", 0 0, v0x11de290_0; 1 drivers
v0x11dd850_0 .net "carryin", 0 0, v0x11de340_0; 1 drivers
v0x11dd8f0_0 .alias "carryout", 0 0, v0x11de3f0_0;
v0x11dd970_0 .net "cout1", 0 0, L_0x11df640; 1 drivers
v0x11dda10_0 .net "cout2", 0 0, L_0x11df730; 1 drivers
v0x11ddab0_0 .net "cout3", 0 0, L_0x11df880; 1 drivers
v0x11ddb50_0 .net "cout4", 0 0, L_0x11df9a0; 1 drivers
v0x11ddbf0_0 .net "na", 0 0, L_0x11def00; 1 drivers
v0x11ddc90_0 .net "nb", 0 0, L_0x11defb0; 1 drivers
v0x11ddd30_0 .net "ncarryin", 0 0, L_0x11dd330; 1 drivers
v0x11dddd0_0 .net "s1", 0 0, L_0x11df060; 1 drivers
v0x11ddee0_0 .net "s2", 0 0, L_0x11df160; 1 drivers
v0x11ddf80_0 .net "s3", 0 0, L_0x11df210; 1 drivers
v0x11de0a0_0 .net "s4", 0 0, L_0x11df2b0; 1 drivers
v0x11de140_0 .alias "sum", 0 0, v0x11de4d0_0;
    .scope S_0x118a820;
T_0 ;
    %vpi_call 3 14 "$display", "a b carryin | sum carryout";
    %set/v v0x11de000_0, 0, 1;
    %set/v v0x11de290_0, 0, 1;
    %set/v v0x11de340_0, 0, 1;
    %delay 1000000, 0;
    %vpi_call 3 16 "$display", "%b %b %b       | %b   %b", v0x11de000_0, v0x11de290_0, v0x11de340_0, v0x11de4d0_0, v0x11de3f0_0;
    %set/v v0x11de000_0, 1, 1;
    %set/v v0x11de290_0, 0, 1;
    %set/v v0x11de340_0, 0, 1;
    %delay 1000000, 0;
    %vpi_call 3 18 "$display", "%b %b %b       | %b   %b", v0x11de000_0, v0x11de290_0, v0x11de340_0, v0x11de4d0_0, v0x11de3f0_0;
    %set/v v0x11de000_0, 0, 1;
    %set/v v0x11de290_0, 1, 1;
    %set/v v0x11de340_0, 0, 1;
    %delay 1000000, 0;
    %vpi_call 3 20 "$display", "%b %b %b       | %b   %b", v0x11de000_0, v0x11de290_0, v0x11de340_0, v0x11de4d0_0, v0x11de3f0_0;
    %set/v v0x11de000_0, 1, 1;
    %set/v v0x11de290_0, 1, 1;
    %set/v v0x11de340_0, 0, 1;
    %delay 1000000, 0;
    %vpi_call 3 22 "$display", "%b %b %b       | %b   %b", v0x11de000_0, v0x11de290_0, v0x11de340_0, v0x11de4d0_0, v0x11de3f0_0;
    %set/v v0x11de000_0, 0, 1;
    %set/v v0x11de290_0, 0, 1;
    %set/v v0x11de340_0, 1, 1;
    %delay 1000000, 0;
    %vpi_call 3 26 "$display", "%b %b %b       | %b   %b", v0x11de000_0, v0x11de290_0, v0x11de340_0, v0x11de4d0_0, v0x11de3f0_0;
    %set/v v0x11de000_0, 1, 1;
    %set/v v0x11de290_0, 0, 1;
    %set/v v0x11de340_0, 1, 1;
    %delay 1000000, 0;
    %vpi_call 3 28 "$display", "%b %b %b       | %b   %b", v0x11de000_0, v0x11de290_0, v0x11de340_0, v0x11de4d0_0, v0x11de3f0_0;
    %set/v v0x11de000_0, 0, 1;
    %set/v v0x11de290_0, 1, 1;
    %set/v v0x11de340_0, 1, 1;
    %delay 1000000, 0;
    %vpi_call 3 30 "$display", "%b %b %b       | %b   %b", v0x11de000_0, v0x11de290_0, v0x11de340_0, v0x11de4d0_0, v0x11de3f0_0;
    %set/v v0x11de000_0, 1, 1;
    %set/v v0x11de290_0, 1, 1;
    %set/v v0x11de340_0, 1, 1;
    %delay 1000000, 0;
    %vpi_call 3 32 "$display", "%b %b %b       | %b   %b", v0x11de000_0, v0x11de290_0, v0x11de340_0, v0x11de4d0_0, v0x11de3f0_0;
    %end;
    .thread T_0;
# The file index is used to find the file name in the following table.
:file_names 4;
    "N/A";
    "<interactive>";
    "./adder.v";
    "adder.t.v";
