#! /usr/bin/vvp
:ivl_version "0.9.7 " "(v0_9_7)";
:vpi_time_precision - 12;
:vpi_module "system";
:vpi_module "v2005_math";
:vpi_module "va_math";
S_0x18ac730 .scope module, "behavioralFullAdder" "behavioralFullAdder" 2 11;
 .timescale -9 -12;
v0x18e4a40_0 .net *"_s10", 0 0, C4<0>; 1 drivers
v0x18ff260_0 .net *"_s11", 1 0, L_0x1900fb0; 1 drivers
v0x18ff300_0 .net *"_s13", 1 0, L_0x1901150; 1 drivers
v0x18ff3a0_0 .net *"_s16", 0 0, C4<0>; 1 drivers
v0x18ff450_0 .net *"_s17", 1 0, L_0x19012c0; 1 drivers
v0x18ff4f0_0 .net *"_s3", 1 0, L_0x1900ca0; 1 drivers
v0x18ff5d0_0 .net *"_s6", 0 0, C4<0>; 1 drivers
v0x18ff670_0 .net *"_s7", 1 0, L_0x1900df0; 1 drivers
v0x18ff760_0 .net "a", 0 0, C4<z>; 0 drivers
v0x18ff800_0 .net "b", 0 0, C4<z>; 0 drivers
v0x18ff900_0 .net "carryin", 0 0, C4<z>; 0 drivers
v0x18ff9a0_0 .net "carryout", 0 0, L_0x1900ad0; 1 drivers
v0x18ffab0_0 .net "sum", 0 0, L_0x1900bd0; 1 drivers
L_0x1900ad0 .part L_0x19012c0, 1, 1;
L_0x1900bd0 .part L_0x19012c0, 0, 1;
L_0x1900ca0 .concat [ 1 1 0 0], C4<z>, C4<0>;
L_0x1900df0 .concat [ 1 1 0 0], C4<z>, C4<0>;
L_0x1900fb0 .arith/sum 2, L_0x1900ca0, L_0x1900df0;
L_0x1901150 .concat [ 1 1 0 0], C4<z>, C4<0>;
L_0x19012c0 .arith/sum 2, L_0x1900fb0, L_0x1901150;
S_0x18ac820 .scope module, "testFullAdder" "testFullAdder" 3 5;
 .timescale -9 -12;
v0x1900550_0 .var "a", 0 0;
v0x19007e0_0 .var "b", 0 0;
v0x1900890_0 .var "carryin", 0 0;
v0x1900940_0 .net "carryout", 0 0, L_0x1901d70; 1 drivers
v0x1900a20_0 .net "sum", 0 0, L_0x1901a10; 1 drivers
S_0x18ffb50 .scope module, "adder1" "structuralFullAdder" 3 9, 2 23, S_0x18ac820;
 .timescale -9 -12;
L_0x18ff880 .functor NOT 1, v0x1900890_0, C4<0>, C4<0>, C4<0>;
L_0x1901450 .functor NOT 1, v0x1900550_0, C4<0>, C4<0>, C4<0>;
L_0x1901500 .functor NOT 1, v0x19007e0_0, C4<0>, C4<0>, C4<0>;
L_0x19015b0 .functor AND 1, L_0x1901450, L_0x1901500, v0x1900890_0, C4<1>;
L_0x19016b0 .functor AND 1, L_0x1901450, v0x19007e0_0, L_0x18ff880, C4<1>;
L_0x1901760 .functor AND 1, v0x1900550_0, L_0x1901500, L_0x18ff880, C4<1>;
L_0x1901800 .functor AND 1, v0x1900550_0, v0x19007e0_0, v0x1900890_0, C4<1>;
L_0x1901a10 .functor OR 1, L_0x19015b0, L_0x19016b0, L_0x1901760, L_0x1901800;
L_0x1901b90 .functor AND 1, L_0x1901450, v0x19007e0_0, v0x1900890_0, C4<1>;
L_0x1901c80 .functor AND 1, v0x1900550_0, L_0x1901500, v0x1900890_0, C4<1>;
L_0x1901dd0 .functor AND 1, v0x1900550_0, v0x19007e0_0, L_0x18ff880, C4<1>;
L_0x1901ef0 .functor AND 1, v0x1900550_0, v0x19007e0_0, v0x1900890_0, C4<1>;
L_0x1901d70 .functor OR 1, L_0x1901b90, L_0x1901c80, L_0x1901dd0, L_0x1901ef0;
v0x18ffc40_0 .net "a", 0 0, v0x1900550_0; 1 drivers
v0x18ffd00_0 .net "b", 0 0, v0x19007e0_0; 1 drivers
v0x18ffda0_0 .net "carryin", 0 0, v0x1900890_0; 1 drivers
v0x18ffe40_0 .alias "carryout", 0 0, v0x1900940_0;
v0x18ffec0_0 .net "cout1", 0 0, L_0x1901b90; 1 drivers
v0x18fff60_0 .net "cout2", 0 0, L_0x1901c80; 1 drivers
v0x1900000_0 .net "cout3", 0 0, L_0x1901dd0; 1 drivers
v0x19000a0_0 .net "cout4", 0 0, L_0x1901ef0; 1 drivers
v0x1900140_0 .net "na", 0 0, L_0x1901450; 1 drivers
v0x19001e0_0 .net "nb", 0 0, L_0x1901500; 1 drivers
v0x1900280_0 .net "ncarryin", 0 0, L_0x18ff880; 1 drivers
v0x1900320_0 .net "s1", 0 0, L_0x19015b0; 1 drivers
v0x1900430_0 .net "s2", 0 0, L_0x19016b0; 1 drivers
v0x19004d0_0 .net "s3", 0 0, L_0x1901760; 1 drivers
v0x19005f0_0 .net "s4", 0 0, L_0x1901800; 1 drivers
v0x1900690_0 .alias "sum", 0 0, v0x1900a20_0;
    .scope S_0x18ac820;
T_0 ;
    %vpi_call 3 13 "$dumpfile", "adder.vcd";
    %vpi_call 3 14 "$dumpvars", 1'sb0, S_0x18ffb50;
    %vpi_call 3 16 "$display", "a b carryin | sum carryout";
    %set/v v0x1900550_0, 0, 1;
    %set/v v0x19007e0_0, 0, 1;
    %set/v v0x1900890_0, 0, 1;
    %delay 1000000, 0;
    %vpi_call 3 18 "$display", "%b %b %b       | %b   %b", v0x1900550_0, v0x19007e0_0, v0x1900890_0, v0x1900a20_0, v0x1900940_0;
    %set/v v0x1900550_0, 1, 1;
    %set/v v0x19007e0_0, 0, 1;
    %set/v v0x1900890_0, 0, 1;
    %delay 1000000, 0;
    %vpi_call 3 20 "$display", "%b %b %b       | %b   %b", v0x1900550_0, v0x19007e0_0, v0x1900890_0, v0x1900a20_0, v0x1900940_0;
    %set/v v0x1900550_0, 0, 1;
    %set/v v0x19007e0_0, 1, 1;
    %set/v v0x1900890_0, 0, 1;
    %delay 1000000, 0;
    %vpi_call 3 22 "$display", "%b %b %b       | %b   %b", v0x1900550_0, v0x19007e0_0, v0x1900890_0, v0x1900a20_0, v0x1900940_0;
    %set/v v0x1900550_0, 1, 1;
    %set/v v0x19007e0_0, 1, 1;
    %set/v v0x1900890_0, 0, 1;
    %delay 1000000, 0;
    %vpi_call 3 24 "$display", "%b %b %b       | %b   %b", v0x1900550_0, v0x19007e0_0, v0x1900890_0, v0x1900a20_0, v0x1900940_0;
    %set/v v0x1900550_0, 0, 1;
    %set/v v0x19007e0_0, 0, 1;
    %set/v v0x1900890_0, 1, 1;
    %delay 1000000, 0;
    %vpi_call 3 27 "$display", "%b %b %b       | %b   %b", v0x1900550_0, v0x19007e0_0, v0x1900890_0, v0x1900a20_0, v0x1900940_0;
    %set/v v0x1900550_0, 1, 1;
    %set/v v0x19007e0_0, 0, 1;
    %set/v v0x1900890_0, 1, 1;
    %delay 1000000, 0;
    %vpi_call 3 29 "$display", "%b %b %b       | %b   %b", v0x1900550_0, v0x19007e0_0, v0x1900890_0, v0x1900a20_0, v0x1900940_0;
    %set/v v0x1900550_0, 0, 1;
    %set/v v0x19007e0_0, 1, 1;
    %set/v v0x1900890_0, 1, 1;
    %delay 1000000, 0;
    %vpi_call 3 31 "$display", "%b %b %b       | %b   %b", v0x1900550_0, v0x19007e0_0, v0x1900890_0, v0x1900a20_0, v0x1900940_0;
    %set/v v0x1900550_0, 1, 1;
    %set/v v0x19007e0_0, 1, 1;
    %set/v v0x1900890_0, 1, 1;
    %delay 1000000, 0;
    %vpi_call 3 33 "$display", "%b %b %b       | %b   %b", v0x1900550_0, v0x19007e0_0, v0x1900890_0, v0x1900a20_0, v0x1900940_0;
    %end;
    .thread T_0;
# The file index is used to find the file name in the following table.
:file_names 4;
    "N/A";
    "<interactive>";
    "./adder.v";
    "adder.t.v";
